2019-04-04 19:51:43 =CRASH REPORT====
  crasher:
    initial call: Elixir.Spike.Queue.Consumer:init/1
    pid: <0.547.0>
    registered_name: []
    exception exit: {{{shutdown,{server_initiated_close,404,<<"NOT_FOUND - no queue 'spike_test' in vhost '/'">>}},{gen_server,call,[<0.559.0>,{subscribe,{'basic.consume',0,<<"spike_test">>,<<>>,false,false,false,false,[]},<0.561.0>},60000]}},[{gen_server,call,3,[{file,"gen_server.erl"},{line,223}]},{'Elixir.AMQP.Basic',consume,4,[{file,"lib/amqp/basic.ex"},{line,260}]},{'Elixir.Spike.Queue.Consumer',init,1,[{file,"lib/spike/queue/consumer.ex"},{line,15}]},{gen_server,init_it,2,[{file,"gen_server.erl"},{line,374}]},{gen_server,init_it,6,[{file,"gen_server.erl"},{line,342}]},{proc_lib,init_p_do_apply,3,[{file,"proc_lib.erl"},{line,249}]}]}
    ancestors: ['Elixir.Spike.Supervisor',<0.529.0>]
    message_queue_len: 0
    messages: []
    links: [<0.530.0>]
    dictionary: [{gen_server_call_timeout,60000}]
    trap_exit: false
    status: running
    heap_size: 610
    stack_size: 27
    reductions: 639
  neighbours:
2019-04-04 19:52:43 =CRASH REPORT====
  crasher:
    initial call: Elixir.Spike.Queue.Consumer:init/1
    pid: <0.264.0>
    registered_name: []
    exception exit: {{{shutdown,{server_initiated_close,404,<<"NOT_FOUND - no queue 'spike_test' in vhost '/'">>}},{gen_server,call,[<0.276.0>,{subscribe,{'basic.consume',0,<<"spike_test">>,<<>>,false,false,false,false,[]},<0.278.0>},60000]}},[{gen_server,call,3,[{file,"gen_server.erl"},{line,223}]},{'Elixir.AMQP.Basic',consume,4,[{file,"lib/amqp/basic.ex"},{line,260}]},{'Elixir.Spike.Queue.Consumer',init,1,[{file,"lib/spike/queue/consumer.ex"},{line,16}]},{gen_server,init_it,2,[{file,"gen_server.erl"},{line,374}]},{gen_server,init_it,6,[{file,"gen_server.erl"},{line,342}]},{proc_lib,init_p_do_apply,3,[{file,"proc_lib.erl"},{line,249}]}]}
    ancestors: ['Elixir.Spike.Supervisor',<0.246.0>]
    message_queue_len: 0
    messages: []
    links: [<0.247.0>]
    dictionary: [{gen_server_call_timeout,60000}]
    trap_exit: false
    status: running
    heap_size: 610
    stack_size: 27
    reductions: 696
  neighbours:
2019-04-04 19:52:43 =SUPERVISOR REPORT====
     Supervisor: {local,'Elixir.Spike.Supervisor'}
     Context:    start_error
     Reason:     {{shutdown,{server_initiated_close,404,<<"NOT_FOUND - no queue 'spike_test' in vhost '/'">>}},{gen_server,call,[<0.276.0>,{subscribe,{'basic.consume',0,<<"spike_test">>,<<>>,false,false,false,false,[]},<0.278.0>},60000]}}
     Offender:   [{pid,undefined},{id,'Elixir.Spike.Queue.Consumer'},{mfargs,{'Elixir.Spike.Queue.Consumer',start_link,[[{queue_name,<<"spike_test">>}]]}},{restart_type,permanent},{shutdown,5000},{child_type,worker}]

2019-04-04 19:54:30 =SUPERVISOR REPORT====
     Supervisor: {local,'Elixir.Spike.Supervisor'}
     Context:    start_error
     Reason:     {{badmatch,{ok,#{consumer_count => 0,message_count => 0,queue => <<"hello">>}}},[{'Elixir.Spike.Queue.Producer',init,1,[{file,"lib/spike/queue/producer.ex"},{line,15}]},{gen_server,init_it,2,[{file,"gen_server.erl"},{line,374}]},{gen_server,init_it,6,[{file,"gen_server.erl"},{line,342}]},{proc_lib,init_p_do_apply,3,[{file,"proc_lib.erl"},{line,249}]}]}
     Offender:   [{pid,undefined},{id,'Elixir.Spike.Queue.Producer'},{mfargs,{'Elixir.Spike.Queue.Producer',start_link,[[{queue_name,<<"spike_test">>}]]}},{restart_type,permanent},{shutdown,5000},{child_type,worker}]

2019-04-04 19:54:30 =CRASH REPORT====
  crasher:
    initial call: application_master:init/4
    pid: <0.250.0>
    registered_name: []
    exception exit: {{{shutdown,{failed_to_start_child,'Elixir.Spike.Queue.Producer',{{badmatch,{ok,#{consumer_count => 0,message_count => 0,queue => <<"hello">>}}},[{'Elixir.Spike.Queue.Producer',init,1,[{file,"lib/spike/queue/producer.ex"},{line,15}]},{gen_server,init_it,2,[{file,"gen_server.erl"},{line,374}]},{gen_server,init_it,6,[{file,"gen_server.erl"},{line,342}]},{proc_lib,init_p_do_apply,3,[{file,"proc_lib.erl"},{line,249}]}]}}},{'Elixir.Spike.Application',start,[normal,[]]}},[{application_master,init,4,[{file,"application_master.erl"},{line,138}]},{proc_lib,init_p_do_apply,3,[{file,"proc_lib.erl"},{line,249}]}]}
    ancestors: [<0.249.0>]
    message_queue_len: 1
    messages: [{'EXIT',<0.251.0>,normal}]
    links: [<0.249.0>,<0.42.0>]
    dictionary: []
    trap_exit: true
    status: running
    heap_size: 610
    stack_size: 27
    reductions: 217
  neighbours:
2019-04-04 19:55:02 =CRASH REPORT====
  crasher:
    initial call: Elixir.Spike.Queue.Consumer:init/1
    pid: <0.264.0>
    registered_name: []
    exception error: {{badmatch,{ok,#{consumer_count => 0,message_count => 0,queue => <<"spike_test">>}}},[{'Elixir.Spike.Queue.Consumer',init,1,[{file,"lib/spike/queue/consumer.ex"},{line,15}]},{gen_server,init_it,2,[{file,"gen_server.erl"},{line,374}]},{gen_server,init_it,6,[{file,"gen_server.erl"},{line,342}]},{proc_lib,init_p_do_apply,3,[{file,"proc_lib.erl"},{line,249}]}]}
    ancestors: ['Elixir.Spike.Supervisor',<0.246.0>]
    message_queue_len: 0
    messages: []
    links: [<0.247.0>]
    dictionary: [{gen_server_call_timeout,60000}]
    trap_exit: false
    status: running
    heap_size: 610
    stack_size: 27
    reductions: 655
  neighbours:
2019-04-04 19:55:02 =SUPERVISOR REPORT====
     Supervisor: {local,'Elixir.Spike.Supervisor'}
     Context:    start_error
     Reason:     {{badmatch,{ok,#{consumer_count => 0,message_count => 0,queue => <<"spike_test">>}}},[{'Elixir.Spike.Queue.Consumer',init,1,[{file,"lib/spike/queue/consumer.ex"},{line,15}]},{gen_server,init_it,2,[{file,"gen_server.erl"},{line,374}]},{gen_server,init_it,6,[{file,"gen_server.erl"},{line,342}]},{proc_lib,init_p_do_apply,3,[{file,"proc_lib.erl"},{line,249}]}]}
     Offender:   [{pid,undefined},{id,'Elixir.Spike.Queue.Consumer'},{mfargs,{'Elixir.Spike.Queue.Consumer',start_link,[[{queue_name,<<"spike_test">>}]]}},{restart_type,permanent},{shutdown,5000},{child_type,worker}]

2019-04-04 19:55:02 =CRASH REPORT====
  crasher:
    initial call: application_master:init/4
    pid: <0.245.0>
    registered_name: []
    exception exit: {{{shutdown,{failed_to_start_child,'Elixir.Spike.Queue.Consumer',{{badmatch,{ok,#{consumer_count => 0,message_count => 0,queue => <<"spike_test">>}}},[{'Elixir.Spike.Queue.Consumer',init,1,[{file,"lib/spike/queue/consumer.ex"},{line,15}]},{gen_server,init_it,2,[{file,"gen_server.erl"},{line,374}]},{gen_server,init_it,6,[{file,"gen_server.erl"},{line,342}]},{proc_lib,init_p_do_apply,3,[{file,"proc_lib.erl"},{line,249}]}]}}},{'Elixir.Spike.Application',start,[normal,[]]}},[{application_master,init,4,[{file,"application_master.erl"},{line,138}]},{proc_lib,init_p_do_apply,3,[{file,"proc_lib.erl"},{line,249}]}]}
    ancestors: [<0.244.0>]
    message_queue_len: 1
    messages: [{'EXIT',<0.246.0>,normal}]
    links: [<0.244.0>,<0.42.0>]
    dictionary: []
    trap_exit: true
    status: running
    heap_size: 610
    stack_size: 27
    reductions: 221
  neighbours:
2019-04-04 19:55:10 =SUPERVISOR REPORT====
     Supervisor: {local,'Elixir.Spike.Supervisor'}
     Context:    start_error
     Reason:     {{badmatch,{ok,<<"amq.ctag-mWhgSjsbBbA4Alnhn1bfWQ">>}},[{'Elixir.Spike.Queue.Consumer',init,1,[{file,"lib/spike/queue/consumer.ex"},{line,16}]},{gen_server,init_it,2,[{file,"gen_server.erl"},{line,374}]},{gen_server,init_it,6,[{file,"gen_server.erl"},{line,342}]},{proc_lib,init_p_do_apply,3,[{file,"proc_lib.erl"},{line,249}]}]}
     Offender:   [{pid,undefined},{id,'Elixir.Spike.Queue.Consumer'},{mfargs,{'Elixir.Spike.Queue.Consumer',start_link,[[{queue_name,<<"spike_test">>}]]}},{restart_type,permanent},{shutdown,5000},{child_type,worker}]

2019-04-04 19:55:10 =CRASH REPORT====
  crasher:
    initial call: application_master:init/4
    pid: <0.245.0>
    registered_name: []
    exception exit: {{{shutdown,{failed_to_start_child,'Elixir.Spike.Queue.Consumer',{{badmatch,{ok,<<"amq.ctag-mWhgSjsbBbA4Alnhn1bfWQ">>}},[{'Elixir.Spike.Queue.Consumer',init,1,[{file,"lib/spike/queue/consumer.ex"},{line,16}]},{gen_server,init_it,2,[{file,"gen_server.erl"},{line,374}]},{gen_server,init_it,6,[{file,"gen_server.erl"},{line,342}]},{proc_lib,init_p_do_apply,3,[{file,"proc_lib.erl"},{line,249}]}]}}},{'Elixir.Spike.Application',start,[normal,[]]}},[{application_master,init,4,[{file,"application_master.erl"},{line,138}]},{proc_lib,init_p_do_apply,3,[{file,"proc_lib.erl"},{line,249}]}]}
    ancestors: [<0.244.0>]
    message_queue_len: 1
    messages: [{'EXIT',<0.246.0>,normal}]
    links: [<0.244.0>,<0.42.0>]
    dictionary: []
    trap_exit: true
    status: running
    heap_size: 610
    stack_size: 27
    reductions: 220
  neighbours:
2019-04-04 19:55:42 =ERROR REPORT====
** Generic server 'Elixir.Spike.Queue.Consumer' terminating 
** Last message in was {basic_consume_ok,#{consumer_tag => <<"amq.ctag-8XDfe9KMWKkl2qzaLDmmHg">>}}
** When Server state == #{channel => #{'__struct__' => 'Elixir.AMQP.Channel',conn => #{'__struct__' => 'Elixir.AMQP.Connection',pid => <0.267.0>},pid => <0.276.0>},queue_name => <<"spike_test">>}
** Reason for termination == 
** {function_clause,[{'Elixir.Spike.Queue.Consumer',handle_info,[{basic_consume_ok,#{consumer_tag => <<"amq.ctag-8XDfe9KMWKkl2qzaLDmmHg">>}},#{channel => #{'__struct__' => 'Elixir.AMQP.Channel',conn => #{'__struct__' => 'Elixir.AMQP.Connection',pid => <0.267.0>},pid => <0.276.0>},queue_name => <<"spike_test">>}],[{file,"lib/spike/queue/consumer.ex"},{line,21}]},{gen_server,try_dispatch,4,[{file,"gen_server.erl"},{line,637}]},{gen_server,handle_msg,6,[{file,"gen_server.erl"},{line,711}]},{proc_lib,init_p_do_apply,3,[{file,"proc_lib.erl"},{line,249}]}]}
2019-04-04 19:55:42 =CRASH REPORT====
  crasher:
    initial call: Elixir.Spike.Queue.Consumer:init/1
    pid: <0.264.0>
    registered_name: 'Elixir.Spike.Queue.Consumer'
    exception error: {function_clause,[{'Elixir.Spike.Queue.Consumer',handle_info,[{basic_consume_ok,#{consumer_tag => <<"amq.ctag-8XDfe9KMWKkl2qzaLDmmHg">>}},#{channel => #{'__struct__' => 'Elixir.AMQP.Channel',conn => #{'__struct__' => 'Elixir.AMQP.Connection',pid => <0.267.0>},pid => <0.276.0>},queue_name => <<"spike_test">>}],[{file,"lib/spike/queue/consumer.ex"},{line,21}]},{gen_server,try_dispatch,4,[{file,"gen_server.erl"},{line,637}]},{gen_server,handle_msg,6,[{file,"gen_server.erl"},{line,711}]},{proc_lib,init_p_do_apply,3,[{file,"proc_lib.erl"},{line,249}]}]}
    ancestors: ['Elixir.Spike.Supervisor',<0.246.0>]
    message_queue_len: 0
    messages: []
    links: [<0.247.0>]
    dictionary: [{gen_server_call_timeout,60000}]
    trap_exit: false
    status: running
    heap_size: 6772
    stack_size: 27
    reductions: 149279
  neighbours:
2019-04-04 19:55:42 =SUPERVISOR REPORT====
     Supervisor: {local,'Elixir.Spike.Supervisor'}
     Context:    child_terminated
     Reason:     {function_clause,[{'Elixir.Spike.Queue.Consumer',handle_info,[{basic_consume_ok,#{consumer_tag => <<"amq.ctag-8XDfe9KMWKkl2qzaLDmmHg">>}},#{channel => #{'__struct__' => 'Elixir.AMQP.Channel',conn => #{'__struct__' => 'Elixir.AMQP.Connection',pid => <0.267.0>},pid => <0.276.0>},queue_name => <<"spike_test">>}],[{file,"lib/spike/queue/consumer.ex"},{line,21}]},{gen_server,try_dispatch,4,[{file,"gen_server.erl"},{line,637}]},{gen_server,handle_msg,6,[{file,"gen_server.erl"},{line,711}]},{proc_lib,init_p_do_apply,3,[{file,"proc_lib.erl"},{line,249}]}]}
     Offender:   [{pid,<0.264.0>},{id,'Elixir.Spike.Queue.Consumer'},{mfargs,{'Elixir.Spike.Queue.Consumer',start_link,[[{queue_name,<<"spike_test">>}]]}},{restart_type,permanent},{shutdown,5000},{child_type,worker}]

2019-04-04 19:56:56 =ERROR REPORT====
** Generic server 'Elixir.Spike.Queue.Producer' terminating 
** Last message in was {enqueue,'Elixir.Spike.Worker',#{eu_estou => <<"aqui">>}}
** When Server state == #{channel => #{'__struct__' => 'Elixir.AMQP.Channel',conn => #{'__struct__' => 'Elixir.AMQP.Connection',pid => <0.256.0>},pid => <0.267.0>},queue_name => <<"spike_test">>}
** Reason for termination == 
** {#{'__exception__' => true,'__struct__' => 'Elixir.RuntimeError',message => <<"attempted to call GenServer Spike.Queue.Producer but no handle_call/3 clause was provided">>},[{'Elixir.Spike.Queue.Producer',handle_call,3,[{file,"lib/gen_server.ex"},{line,754}]},{gen_server,try_handle_call,4,[{file,"gen_server.erl"},{line,661}]},{gen_server,handle_msg,6,[{file,"gen_server.erl"},{line,690}]},{proc_lib,init_p_do_apply,3,[{file,"proc_lib.erl"},{line,249}]}]}
** Client <0.284.0> stacktrace
** [{gen,do_call,4,[{file,"gen.erl"},{line,169}]},{'Elixir.GenServer',call,3,[{file,"lib/gen_server.ex"},{line,986}]},{erl_eval,do_apply,6,[{file,"erl_eval.erl"},{line,680}]},{elixir,eval_forms,4,[{file,"src/elixir.erl"},{line,258}]},{'Elixir.IEx.Evaluator',handle_eval,5,[{file,"lib/iex/evaluator.ex"},{line,257}]},{'Elixir.IEx.Evaluator',do_eval,3,[{file,"lib/iex/evaluator.ex"},{line,237}]},{'Elixir.IEx.Evaluator',eval,3,[{file,"lib/iex/evaluator.ex"},{line,215}]},{'Elixir.IEx.Evaluator',loop,1,[{file,"lib/iex/evaluator.ex"},{line,103}]}]
2019-04-04 19:56:56 =CRASH REPORT====
  crasher:
    initial call: Elixir.Spike.Queue.Producer:init/1
    pid: <0.253.0>
    registered_name: 'Elixir.Spike.Queue.Producer'
    exception error: {#{'__exception__' => true,'__struct__' => 'Elixir.RuntimeError',message => <<"attempted to call GenServer Spike.Queue.Producer but no handle_call/3 clause was provided">>},[{'Elixir.Spike.Queue.Producer',handle_call,3,[{file,"lib/gen_server.ex"},{line,754}]},{gen_server,try_handle_call,4,[{file,"gen_server.erl"},{line,661}]},{gen_server,handle_msg,6,[{file,"gen_server.erl"},{line,690}]},{proc_lib,init_p_do_apply,3,[{file,"proc_lib.erl"},{line,249}]}]}
    ancestors: ['Elixir.Spike.Supervisor',<0.251.0>]
    message_queue_len: 0
    messages: []
    links: [<0.252.0>]
    dictionary: [{gen_server_call_timeout,60000}]
    trap_exit: false
    status: running
    heap_size: 6772
    stack_size: 27
    reductions: 209512
  neighbours:
2019-04-04 19:56:56 =SUPERVISOR REPORT====
     Supervisor: {local,'Elixir.Spike.Supervisor'}
     Context:    child_terminated
     Reason:     {#{'__exception__' => true,'__struct__' => 'Elixir.RuntimeError',message => <<"attempted to call GenServer Spike.Queue.Producer but no handle_call/3 clause was provided">>},[{'Elixir.Spike.Queue.Producer',handle_call,3,[{file,"lib/gen_server.ex"},{line,754}]},{gen_server,try_handle_call,4,[{file,"gen_server.erl"},{line,661}]},{gen_server,handle_msg,6,[{file,"gen_server.erl"},{line,690}]},{proc_lib,init_p_do_apply,3,[{file,"proc_lib.erl"},{line,249}]}]}
     Offender:   [{pid,<0.253.0>},{id,'Elixir.Spike.Queue.Producer'},{mfargs,{'Elixir.Spike.Queue.Producer',start_link,[[{queue_name,<<"spike_test">>}]]}},{restart_type,permanent},{shutdown,5000},{child_type,worker}]

2019-04-04 21:46:29 =CRASH REPORT====
  crasher:
    initial call: Elixir.Spike.Queue.Consumer:init/1
    pid: <0.269.0>
    registered_name: []
    exception error: {undef,[{'Elixir.AMQP.Queue',bind,[#{'__struct__' => 'Elixir.AMQP.Channel',conn => #{'__struct__' => 'Elixir.AMQP.Connection',pid => <0.272.0>},pid => <0.281.0>},<<"spike_test">>],[]},{'Elixir.Spike.Queue.Consumer',init,1,[{file,"lib/spike/queue/consumer.ex"},{line,18}]},{gen_server,init_it,2,[{file,"gen_server.erl"},{line,374}]},{gen_server,init_it,6,[{file,"gen_server.erl"},{line,342}]},{proc_lib,init_p_do_apply,3,[{file,"proc_lib.erl"},{line,249}]}]}
    ancestors: ['Elixir.Spike.Supervisor',<0.251.0>]
    message_queue_len: 1
    messages: [{basic_consume_ok,#{consumer_tag => <<"amq.ctag-Z9zAhQgaz1hMJDt01Qsvrw">>}}]
    links: [<0.252.0>]
    dictionary: [{gen_server_call_timeout,60000}]
    trap_exit: false
    status: running
    heap_size: 610
    stack_size: 27
    reductions: 750
  neighbours:
2019-04-04 21:46:29 =SUPERVISOR REPORT====
     Supervisor: {local,'Elixir.Spike.Supervisor'}
     Context:    start_error
     Reason:     {undef,[{'Elixir.AMQP.Queue',bind,[#{'__struct__' => 'Elixir.AMQP.Channel',conn => #{'__struct__' => 'Elixir.AMQP.Connection',pid => <0.272.0>},pid => <0.281.0>},<<"spike_test">>],[]},{'Elixir.Spike.Queue.Consumer',init,1,[{file,"lib/spike/queue/consumer.ex"},{line,18}]},{gen_server,init_it,2,[{file,"gen_server.erl"},{line,374}]},{gen_server,init_it,6,[{file,"gen_server.erl"},{line,342}]},{proc_lib,init_p_do_apply,3,[{file,"proc_lib.erl"},{line,249}]}]}
     Offender:   [{pid,undefined},{id,'Elixir.Spike.Queue.Consumer'},{mfargs,{'Elixir.Spike.Queue.Consumer',start_link,[[{queue_name,<<"spike_test">>}]]}},{restart_type,permanent},{shutdown,5000},{child_type,worker}]

2019-04-04 21:49:39 =ERROR REPORT====
** Generic server 'Elixir.Spike.Queue.Consumer' terminating 
** Last message in was {basic_deliver,<<131,104,2,100,0,19,69,108,105,120,105,114,46,83,112,105,107,101,46,87,111,114,107,101,114,116,0,0,0,1,100,0,9,115,111,109,101,116,104,105,110,103,109,0,0,0,4,101,108,115,101>>,#{app_id => undefined,cluster_id => undefined,consumer_tag => <<"amq.ctag-fUtfk4YjWmadVVGio7F_tw">>,content_encoding => undefined,content_type => undefined,correlation_id => undefined,delivery_tag => 1,exchange => <<"spike_test">>,expiration => undefined,headers => undefined,message_id => undefined,persistent => true,priority => undefined,redelivered => false,reply_to => undefined,routing_key => <<>>,timestamp => undefined,type => undefined,user_id => undefined}}
** When Server state == #{channel => #{'__struct__' => 'Elixir.AMQP.Channel',conn => #{'__struct__' => 'Elixir.AMQP.Connection',pid => <0.272.0>},pid => <0.281.0>},queue_name => <<"amq.gen-lNtcyhHMNwePFWRXtSNnmw">>}
** Reason for termination == 
** {#{'__exception__' => true,'__struct__' => 'Elixir.Protocol.UndefinedError',description => <<>>,protocol => 'Elixir.String.Chars',value => #{something => <<"else">>}},[{'Elixir.String.Chars','impl_for!',1,[{file,"/home/build/elixir/lib/elixir/lib/string/chars.ex"},{line,3}]},{'Elixir.String.Chars',to_string,1,[{file,"/home/build/elixir/lib/elixir/lib/string/chars.ex"},{line,22}]},{'Elixir.Spike.Worker',perform,1,[{file,"lib/spike/worker.ex"},{line,3}]},{'Elixir.Spike.Queue.Consumer',handle_info,2,[{file,"lib/spike/queue/consumer.ex"},{line,29}]},{gen_server,try_dispatch,4,[{file,"gen_server.erl"},{line,637}]},{gen_server,handle_msg,6,[{file,"gen_server.erl"},{line,711}]},{proc_lib,init_p_do_apply,3,[{file,"proc_lib.erl"},{line,249}]}]}
2019-04-04 21:49:39 =CRASH REPORT====
  crasher:
    initial call: Elixir.Spike.Queue.Consumer:init/1
    pid: <0.269.0>
    registered_name: 'Elixir.Spike.Queue.Consumer'
    exception error: {#{'__exception__' => true,'__struct__' => 'Elixir.Protocol.UndefinedError',description => <<>>,protocol => 'Elixir.String.Chars',value => #{something => <<"else">>}},[{'Elixir.String.Chars','impl_for!',1,[{file,"/home/build/elixir/lib/elixir/lib/string/chars.ex"},{line,3}]},{'Elixir.String.Chars',to_string,1,[{file,"/home/build/elixir/lib/elixir/lib/string/chars.ex"},{line,22}]},{'Elixir.Spike.Worker',perform,1,[{file,"lib/spike/worker.ex"},{line,3}]},{'Elixir.Spike.Queue.Consumer',handle_info,2,[{file,"lib/spike/queue/consumer.ex"},{line,29}]},{gen_server,try_dispatch,4,[{file,"gen_server.erl"},{line,637}]},{gen_server,handle_msg,6,[{file,"gen_server.erl"},{line,711}]},{proc_lib,init_p_do_apply,3,[{file,"proc_lib.erl"},{line,249}]}]}
    ancestors: ['Elixir.Spike.Supervisor',<0.251.0>]
    message_queue_len: 0
    messages: []
    links: [<0.252.0>]
    dictionary: [{gen_server_call_timeout,60000}]
    trap_exit: false
    status: running
    heap_size: 4185
    stack_size: 27
    reductions: 290505
  neighbours:
2019-04-04 21:49:39 =SUPERVISOR REPORT====
     Supervisor: {local,'Elixir.Spike.Supervisor'}
     Context:    child_terminated
     Reason:     {#{'__exception__' => true,'__struct__' => 'Elixir.Protocol.UndefinedError',description => <<>>,protocol => 'Elixir.String.Chars',value => #{something => <<"else">>}},[{'Elixir.String.Chars','impl_for!',1,[{file,"/home/build/elixir/lib/elixir/lib/string/chars.ex"},{line,3}]},{'Elixir.String.Chars',to_string,1,[{file,"/home/build/elixir/lib/elixir/lib/string/chars.ex"},{line,22}]},{'Elixir.Spike.Worker',perform,1,[{file,"lib/spike/worker.ex"},{line,3}]},{'Elixir.Spike.Queue.Consumer',handle_info,2,[{file,"lib/spike/queue/consumer.ex"},{line,29}]},{gen_server,try_dispatch,4,[{file,"gen_server.erl"},{line,637}]},{gen_server,handle_msg,6,[{file,"gen_server.erl"},{line,711}]},{proc_lib,init_p_do_apply,3,[{file,"proc_lib.erl"},{line,249}]}]}
     Offender:   [{pid,<0.269.0>},{id,'Elixir.Spike.Queue.Consumer'},{mfargs,{'Elixir.Spike.Queue.Consumer',start_link,[[{queue_name,<<"spike_test">>}]]}},{restart_type,permanent},{shutdown,5000},{child_type,worker}]

